<?xml version="1.0" encoding="UTF-8"?>
<testng-results ignored="0" total="6" passed="6" failed="0" skipped="0">
  <reporter-output>
  </reporter-output>
  <suite started-at="2026-06-14T20:09:28 IST" name="ParaBank Automation Suite" finished-at="2026-06-14T20:10:18 IST" duration-ms="49636">
    <groups>
    </groups>
    <test started-at="2026-06-14T20:09:28 IST" name="Registration Tests" finished-at="2026-06-14T20:09:37 IST" duration-ms="8354">
      <class name="testcases.RegistrationTest">
        <test-method is-config="true" signature="setup()[pri:0, instance:testcases.RegistrationTest@37313c65]" started-at="2026-06-14T20:09:28 IST" name="setup" finished-at="2026-06-14T20:09:33 IST" duration-ms="4518" status="PASS">
          <reporter-output>
          </reporter-output>
        </test-method> <!-- setup -->
        <test-method signature="registerUser()[pri:0, instance:testcases.RegistrationTest@37313c65]" started-at="2026-06-14T20:09:33 IST" name="registerUser" finished-at="2026-06-14T20:09:36 IST" duration-ms="3367" status="PASS">
          <reporter-output>
          </reporter-output>
        </test-method> <!-- registerUser -->
        <test-method is-config="true" signature="tearDown()[pri:0, instance:testcases.RegistrationTest@37313c65]" started-at="2026-06-14T20:09:36 IST" name="tearDown" finished-at="2026-06-14T20:09:37 IST" duration-ms="408" status="PASS">
          <reporter-output>
          </reporter-output>
        </test-method> <!-- tearDown -->
      </class> <!-- testcases.RegistrationTest -->
    </test> <!-- Registration Tests -->
    <test started-at="2026-06-14T20:09:37 IST" name="Login Tests" finished-at="2026-06-14T20:09:45 IST" duration-ms="8257">
      <class name="testcases.LoginTest">
        <test-method is-config="true" signature="setup()[pri:0, instance:testcases.LoginTest@4c2bb6e0]" started-at="2026-06-14T20:09:37 IST" name="setup" finished-at="2026-06-14T20:09:40 IST" duration-ms="3200" status="PASS">
          <reporter-output>
          </reporter-output>
        </test-method> <!-- setup -->
        <test-method signature="loginTest()[pri:0, instance:testcases.LoginTest@4c2bb6e0]" started-at="2026-06-14T20:09:40 IST" name="loginTest" finished-at="2026-06-14T20:09:45 IST" duration-ms="4698" status="PASS">
          <reporter-output>
          </reporter-output>
        </test-method> <!-- loginTest -->
        <test-method is-config="true" signature="tearDown()[pri:0, instance:testcases.LoginTest@4c2bb6e0]" started-at="2026-06-14T20:09:45 IST" name="tearDown" finished-at="2026-06-14T20:09:45 IST" duration-ms="354" status="PASS">
          <reporter-output>
          </reporter-output>
        </test-method> <!-- tearDown -->
      </class> <!-- testcases.LoginTest -->
    </test> <!-- Login Tests -->
    <test started-at="2026-06-14T20:09:46 IST" name="Open Account Tests" finished-at="2026-06-14T20:09:52 IST" duration-ms="6271">
      <class name="testcases.OpenAccountTest">
        <test-method is-config="true" signature="setup()[pri:0, instance:testcases.OpenAccountTest@638ef7ed]" started-at="2026-06-14T20:09:46 IST" name="setup" finished-at="2026-06-14T20:09:48 IST" duration-ms="2203" status="PASS">
          <reporter-output>
          </reporter-output>
        </test-method> <!-- setup -->
        <test-method signature="createAccount()[pri:4, instance:testcases.OpenAccountTest@638ef7ed]" started-at="2026-06-14T20:09:48 IST" name="createAccount" finished-at="2026-06-14T20:09:51 IST" duration-ms="3755" status="PASS">
          <reporter-output>
          </reporter-output>
        </test-method> <!-- createAccount -->
        <test-method is-config="true" signature="tearDown()[pri:0, instance:testcases.OpenAccountTest@638ef7ed]" started-at="2026-06-14T20:09:51 IST" name="tearDown" finished-at="2026-06-14T20:09:52 IST" duration-ms="309" status="PASS">
          <reporter-output>
          </reporter-output>
        </test-method> <!-- tearDown -->
      </class> <!-- testcases.OpenAccountTest -->
    </test> <!-- Open Account Tests -->
    <test started-at="2026-06-14T20:09:52 IST" name="Account Overview Tests" finished-at="2026-06-14T20:09:58 IST" duration-ms="5728">
      <class name="testcases.AccountOverviewTest">
        <test-method is-config="true" signature="setup()[pri:0, instance:testcases.AccountOverviewTest@3f28bd56]" started-at="2026-06-14T20:09:52 IST" name="setup" finished-at="2026-06-14T20:09:54 IST" duration-ms="2215" status="PASS">
          <reporter-output>
          </reporter-output>
        </test-method> <!-- setup -->
        <test-method signature="accountOverviewTest()[pri:0, instance:testcases.AccountOverviewTest@3f28bd56]" started-at="2026-06-14T20:09:54 IST" name="accountOverviewTest" finished-at="2026-06-14T20:09:57 IST" duration-ms="3236" status="PASS">
          <reporter-output>
          </reporter-output>
        </test-method> <!-- accountOverviewTest -->
        <test-method is-config="true" signature="tearDown()[pri:0, instance:testcases.AccountOverviewTest@3f28bd56]" started-at="2026-06-14T20:09:57 IST" name="tearDown" finished-at="2026-06-14T20:09:58 IST" duration-ms="273" status="PASS">
          <reporter-output>
          </reporter-output>
        </test-method> <!-- tearDown -->
      </class> <!-- testcases.AccountOverviewTest -->
    </test> <!-- Account Overview Tests -->
    <test started-at="2026-06-14T20:09:58 IST" name="Transfer Funds Tests" finished-at="2026-06-14T20:10:07 IST" duration-ms="9156">
      <class name="testcases.TransferFundsTest">
        <test-method is-config="true" signature="setup()[pri:0, instance:testcases.TransferFundsTest@18245eb0]" started-at="2026-06-14T20:09:58 IST" name="setup" finished-at="2026-06-14T20:10:01 IST" duration-ms="3401" status="PASS">
          <reporter-output>
          </reporter-output>
        </test-method> <!-- setup -->
        <test-method signature="transferFundsTest()[pri:0, instance:testcases.TransferFundsTest@18245eb0]" started-at="2026-06-14T20:10:01 IST" name="transferFundsTest" finished-at="2026-06-14T20:10:06 IST" duration-ms="5439" status="PASS">
          <reporter-output>
          </reporter-output>
        </test-method> <!-- transferFundsTest -->
        <test-method is-config="true" signature="tearDown()[pri:0, instance:testcases.TransferFundsTest@18245eb0]" started-at="2026-06-14T20:10:06 IST" name="tearDown" finished-at="2026-06-14T20:10:07 IST" duration-ms="310" status="PASS">
          <reporter-output>
          </reporter-output>
        </test-method> <!-- tearDown -->
      </class> <!-- testcases.TransferFundsTest -->
    </test> <!-- Transfer Funds Tests -->
    <test started-at="2026-06-14T20:10:07 IST" name="Bill Pay Tests" finished-at="2026-06-14T20:10:18 IST" duration-ms="11111">
      <class name="testcases.BillPayTest">
        <test-method is-config="true" signature="setup()[pri:0, instance:testcases.BillPayTest@18f20260]" started-at="2026-06-14T20:10:07 IST" name="setup" finished-at="2026-06-14T20:10:10 IST" duration-ms="2996" status="PASS">
          <reporter-output>
          </reporter-output>
        </test-method> <!-- setup -->
        <test-method signature="billPayTest()[pri:0, instance:testcases.BillPayTest@18f20260]" started-at="2026-06-14T20:10:10 IST" name="billPayTest" finished-at="2026-06-14T20:10:18 IST" duration-ms="7765" status="PASS">
          <reporter-output>
          </reporter-output>
        </test-method> <!-- billPayTest -->
        <test-method is-config="true" signature="tearDown()[pri:0, instance:testcases.BillPayTest@18f20260]" started-at="2026-06-14T20:10:18 IST" name="tearDown" finished-at="2026-06-14T20:10:18 IST" duration-ms="348" status="PASS">
          <reporter-output>
          </reporter-output>
        </test-method> <!-- tearDown -->
      </class> <!-- testcases.BillPayTest -->
    </test> <!-- Bill Pay Tests -->
  </suite> <!-- ParaBank Automation Suite -->
</testng-results>
